[debug] [2022-05-27T20:19:35.973Z] ----------------------------------------------------------------------
[debug] [2022-05-27T20:19:35.974Z] Command:       C:\Program Files\nodejs\node.exe C:\Program Files\nodejs\node_modules\firebase-tools\lib\bin\firebase.js init
[debug] [2022-05-27T20:19:35.975Z] CLI Version:   11.0.1
[debug] [2022-05-27T20:19:35.975Z] Platform:      win32
[debug] [2022-05-27T20:19:35.975Z] Node Version:  v16.13.1
[debug] [2022-05-27T20:19:35.976Z] Time:          Fri May 27 2022 22:19:35 GMT+0200 (Central European Summer Time)
[debug] [2022-05-27T20:19:35.976Z] ----------------------------------------------------------------------
[debug] 
[debug] [2022-05-27T20:19:36.036Z] > command requires scopes: ["email","openid","https://www.googleapis.com/auth/cloudplatformprojects.readonly","https://www.googleapis.com/auth/firebase","https://www.googleapis.com/auth/cloud-platform"]
[debug] [2022-05-27T20:19:36.036Z] > authorizing via signed-in user (sarabi.ginan@gmail.com)
[info] 
     ######## #### ########  ######## ########     ###     ######  ########
     ##        ##  ##     ## ##       ##     ##  ##   ##  ##       ##
     ######    ##  ########  ######   ########  #########  ######  ######
     ##        ##  ##    ##  ##       ##     ## ##     ##       ## ##
     ##       #### ##     ## ######## ########  ##     ##  ######  ########

You're about to initialize a Firebase project in this directory:

  C:\Users\sarab\Desktop\ExamensArbete\web

Before we get started, keep in mind:

  * You are initializing within an existing Firebase project directory

[info] 
=== Project Setup
[info] 
[info] First, let's associate this project directory with a Firebase project.
[info] You can create multiple project aliases by running firebase use --add, 
[info] but for now we'll just set up a default project.
[info] 
[debug] [2022-05-27T20:19:44.977Z] Using project from CLI flag: free-irsta-hosting
[debug] [2022-05-27T20:19:44.978Z] > refreshing access token with scopes: []
[debug] [2022-05-27T20:19:44.979Z] >>> HTTP REQUEST POST https://www.googleapis.com/oauth2/v3/token  
 <request body omitted>
[debug] [2022-05-27T20:19:45.085Z] <<< HTTP RESPONSE 400 {"date":"Fri, 27 May 2022 20:19:45 GMT","cache-control":"no-cache, no-store, max-age=0, must-revalidate","expires":"Mon, 01 Jan 1990 00:00:00 GMT","pragma":"no-cache","content-type":"application/json; charset=utf-8","vary":"X-Origin, Referer, Origin,Accept-Encoding","server":"scaffolding on HTTPServer2","x-xss-protection":"0","x-frame-options":"SAMEORIGIN","x-content-type-options":"nosniff","alt-svc":"h3=\":443\"; ma=2592000,h3-29=\":443\"; ma=2592000,h3-Q050=\":443\"; ma=2592000,h3-Q046=\":443\"; ma=2592000,h3-Q043=\":443\"; ma=2592000,quic=\":443\"; ma=2592000; v=\"46,43\"","accept-ranges":"none","transfer-encoding":"chunked"}
[debug] [2022-05-27T20:19:45.087Z] >>> [apiv2][query] GET https://firebase.googleapis.com/v1beta1/projects/free-irsta-hosting [none]
[debug] [2022-05-27T20:19:45.159Z] <<< [apiv2][status] GET https://firebase.googleapis.com/v1beta1/projects/free-irsta-hosting 401
[debug] [2022-05-27T20:19:45.159Z] <<< [apiv2][body] GET https://firebase.googleapis.com/v1beta1/projects/free-irsta-hosting {"error":{"code":401,"message":"Request had invalid authentication credentials. Expected OAuth 2 access token, login cookie or other valid authentication credential. See https://developers.google.com/identity/sign-in/web/devconsole-project.","status":"UNAUTHENTICATED"}}
[debug] [2022-05-27T20:19:45.159Z] HTTP Error: 401, Request had invalid authentication credentials. Expected OAuth 2 access token, login cookie or other valid authentication credential. See https://developers.google.com/identity/sign-in/web/devconsole-project.
[debug] [2022-05-27T20:19:45.221Z] FirebaseError: HTTP Error: 401, Request had invalid authentication credentials. Expected OAuth 2 access token, login cookie or other valid authentication credential. See https://developers.google.com/identity/sign-in/web/devconsole-project.
    at module.exports (C:\Program Files\nodejs\node_modules\firebase-tools\lib\responseToError.js:47:12)
    at RetryOperation._fn (C:\Program Files\nodejs\node_modules\firebase-tools\lib\apiv2.js:286:39)
    at processTicksAndRejections (node:internal/process/task_queues:96:5)
[error] 
[error] Error: Failed to get Firebase project free-irsta-hosting. Please make sure the project exists and your account has permission to access it.
